\BOOKMARK [0][-]{chapter*.2}{\376\377\000\114\000\151\000\163\000\164\000\040\000\157\000\146\000\040\000\106\000\151\000\147\000\165\000\162\000\145\000\163}{}% 1
\BOOKMARK [0][-]{chapter*.3}{\376\377\000\114\000\151\000\163\000\164\000\040\000\157\000\146\000\040\000\124\000\141\000\142\000\154\000\145\000\163}{}% 2
\BOOKMARK [0][-]{chapter.1}{\376\377\000\111\000\156\000\164\000\162\000\157\000\144\000\165\000\143\000\164\000\151\000\157\000\156}{}% 3
\BOOKMARK [1][-]{section.1.1}{\376\377\000\111\000\156\000\164\000\162\000\157\000\144\000\165\000\143\000\164\000\151\000\157\000\156}{chapter.1}% 4
\BOOKMARK [1][-]{section.1.2}{\376\377\000\117\000\142\000\152\000\145\000\143\000\164\000\151\000\166\000\145\000\163}{chapter.1}% 5
\BOOKMARK [1][-]{section.1.3}{\376\377\000\120\000\162\000\157\000\152\000\145\000\143\000\164\000\040\000\123\000\143\000\157\000\160\000\145}{chapter.1}% 6
\BOOKMARK [1][-]{section.1.4}{\376\377\000\106\000\145\000\141\000\164\000\165\000\162\000\145\000\163\000\040\000\157\000\146\000\040\000\127\000\145\000\142\000\055\000\102\000\141\000\163\000\145\000\144\000\040\000\123\000\143\000\150\000\157\000\157\000\154\000\040\000\115\000\141\000\156\000\141\000\147\000\145\000\155\000\145\000\156\000\164\000\040\000\123\000\171\000\163\000\164\000\145\000\155}{chapter.1}% 7
\BOOKMARK [1][-]{section.1.5}{\376\377\000\122\000\145\000\160\000\157\000\162\000\164\000\040\000\102\000\162\000\145\000\141\000\153\000\144\000\157\000\167\000\156}{chapter.1}% 8
\BOOKMARK [0][-]{chapter.2}{\376\377\000\114\000\151\000\164\000\145\000\162\000\141\000\164\000\165\000\162\000\145\000\040\000\122\000\145\000\166\000\151\000\145\000\167}{}% 9
\BOOKMARK [1][-]{section.2.1}{\376\377\000\114\000\151\000\164\000\145\000\162\000\141\000\164\000\165\000\162\000\145\000\040\000\123\000\165\000\162\000\166\000\145\000\171}{chapter.2}% 10
\BOOKMARK [1][-]{section.2.2}{\376\377\000\111\000\156\000\164\000\162\000\157\000\144\000\165\000\143\000\164\000\151\000\157\000\156\000\040\000\164\000\157\000\040\000\104\000\141\000\164\000\141\000\142\000\141\000\163\000\145\000\040\000\115\000\141\000\156\000\141\000\147\000\145\000\155\000\145\000\156\000\164\000\040\000\123\000\171\000\163\000\164\000\145\000\155}{chapter.2}% 11
\BOOKMARK [1][-]{section.2.3}{\376\377\000\101\000\160\000\160\000\154\000\151\000\143\000\141\000\164\000\151\000\157\000\156\000\163\000\040\000\157\000\146\000\040\000\104\000\141\000\164\000\141\000\142\000\141\000\163\000\145\000\040\000\115\000\141\000\156\000\141\000\147\000\145\000\155\000\145\000\156\000\164\000\040\000\123\000\171\000\163\000\164\000\145\000\155}{chapter.2}% 12
\BOOKMARK [0][-]{chapter.3}{\376\377\000\120\000\162\000\157\000\160\000\157\000\163\000\145\000\144\000\040\000\115\000\145\000\164\000\150\000\157\000\144\000\157\000\154\000\157\000\147\000\171}{}% 13
\BOOKMARK [1][-]{section.3.1}{\376\377\000\120\000\162\000\157\000\160\000\157\000\163\000\145\000\144\000\040\000\115\000\145\000\164\000\150\000\157\000\144\000\157\000\154\000\157\000\147\000\171}{chapter.3}% 14
\BOOKMARK [1][-]{section.3.2}{\376\377\000\105\000\156\000\164\000\151\000\164\000\171\000\040\000\122\000\145\000\154\000\141\000\164\000\151\000\157\000\156\000\040\000\104\000\151\000\141\000\147\000\162\000\141\000\155}{chapter.3}% 15
\BOOKMARK [1][-]{section.3.3}{\376\377\000\124\000\157\000\157\000\154\000\163\000\057\000\120\000\154\000\141\000\164\000\146\000\157\000\162\000\155\000\054\000\040\000\141\000\156\000\144\000\040\000\123\000\157\000\146\000\164\000\167\000\141\000\162\000\145\000\163}{chapter.3}% 16
\BOOKMARK [2][-]{subsection.3.3.1}{\376\377\000\115\000\171\000\123\000\121\000\114\000\040\000\127\000\157\000\162\000\153\000\142\000\145\000\156\000\143\000\150\000\040\000\103\000\105\000\040\000\070\000\056\000\060}{section.3.3}% 17
\BOOKMARK [2][-]{subsection.3.3.2}{\376\377\000\110\000\124\000\115\000\114}{section.3.3}% 18
\BOOKMARK [2][-]{subsection.3.3.3}{\376\377\000\120\000\110\000\120}{section.3.3}% 19
\BOOKMARK [2][-]{subsection.3.3.4}{\376\377\000\130\000\101\000\115\000\120\000\120}{section.3.3}% 20
\BOOKMARK [1][-]{section.3.4}{\376\377\000\120\000\162\000\157\000\152\000\145\000\143\000\164\000\040\000\127\000\157\000\162\000\153\000\151\000\156\000\147\000\040\000\115\000\141\000\156\000\165\000\141\000\154}{chapter.3}% 21
\BOOKMARK [0][-]{chapter.4}{\376\377\000\122\000\145\000\163\000\165\000\154\000\164\000\163}{}% 22
\BOOKMARK [1][-]{section.4.1}{\376\377\000\110\000\157\000\155\000\145\000\040\000\120\000\141\000\147\000\145}{chapter.4}% 23
\BOOKMARK [1][-]{section.4.2}{\376\377\000\101\000\144\000\155\000\151\000\156}{chapter.4}% 24
\BOOKMARK [1][-]{section.4.3}{\376\377\000\124\000\145\000\141\000\143\000\150\000\145\000\162}{chapter.4}% 25
\BOOKMARK [1][-]{section.4.4}{\376\377\000\123\000\164\000\165\000\144\000\145\000\156\000\164}{chapter.4}% 26
\BOOKMARK [1][-]{section.4.5}{\376\377\000\120\000\141\000\162\000\145\000\156\000\164\000\163}{chapter.4}% 27
\BOOKMARK [1][-]{section.4.6}{\376\377\000\120\000\110\000\120\000\040\000\101\000\144\000\155\000\151\000\156\000\040\000\126\000\151\000\145\000\167}{chapter.4}% 28
\BOOKMARK [0][-]{chapter.5}{\376\377\000\103\000\157\000\156\000\143\000\154\000\165\000\163\000\151\000\157\000\156\000\040\000\141\000\156\000\144\000\040\000\106\000\165\000\164\000\165\000\162\000\145\000\040\000\127\000\157\000\162\000\153}{}% 29
\BOOKMARK [1][-]{section.5.1}{\376\377\000\103\000\157\000\156\000\143\000\154\000\165\000\163\000\151\000\157\000\156}{chapter.5}% 30
\BOOKMARK [1][-]{section.5.2}{\376\377\000\123\000\164\000\162\000\145\000\156\000\147\000\164\000\150\000\163\000\040\000\157\000\146\000\040\000\124\000\150\000\145\000\040\000\120\000\162\000\157\000\160\000\157\000\163\000\145\000\144\000\040\000\123\000\171\000\163\000\164\000\145\000\155}{chapter.5}% 31
\BOOKMARK [1][-]{section.5.3}{\376\377\000\106\000\165\000\164\000\165\000\162\000\145\000\040\000\127\000\157\000\162\000\153}{chapter.5}% 32
\BOOKMARK [0][-]{chapter*.34}{\376\377\000\102\000\151\000\142\000\154\000\151\000\157\000\147\000\162\000\141\000\160\000\150\000\171}{}% 33
